<?xml version="1.0" encoding="UTF-8"?>
<!-- Generated by org.testng.reporters.JUnitReportReporter -->
<testsuite skipped="0" hostname="DESKTOP-VDML5CQ" name="com.Inetbanking.testcases.TC_AddCustomerTest_003" tests="1" failures="0" timestamp="21 Nov 2019 14:02:45 GMT" time="18.187" errors="0">
  <testcase name="addNewCustomer" time="18.187" classname="com.Inetbanking.testcases.TC_AddCustomerTest_003"/>
</testsuite> <!-- com.Inetbanking.testcases.TC_AddCustomerTest_003 -->
